<?xml version="1.0" encoding="UTF-8"?>
<!-- Generated by org.testng.reporters.JUnitReportReporter -->
<testsuite skipped="0" hostname="G1C2ML15622" name="maven_testing_framework.framework.Main" tests="1" failures="0" timestamp="03 Sep 2018 18:42:06 GMT" time="67.881" errors="0">
  <testcase name="mainControll" time="67.881" classname="maven_testing_framework.framework.Main"/>
</testsuite> <!-- maven_testing_framework.framework.Main -->
